<?xml version="1.0" encoding="UTF-8"?>
<coverage generated="1589203045268" clover="3.2.0">
  <project timestamp="1589203045268" name="All files">
    <metrics statements="38" coveredstatements="38" conditionals="9" coveredconditionals="9" methods="23" coveredmethods="23" elements="70" coveredelements="70" complexity="0" loc="38" ncloc="38" packages="2" files="8" classes="8"/>
    <package name="components">
      <metrics statements="34" coveredstatements="34" conditionals="9" coveredconditionals="9" methods="19" coveredmethods="19"/>
      <file name="CreateTodo.vue" path="/Users/ahmed/Desktop/vue-todos/src/components/CreateTodo.vue">
        <metrics statements="4" coveredstatements="4" conditionals="2" coveredconditionals="2" methods="2" coveredmethods="2"/>
        <line num="15" count="8" type="stmt"/>
        <line num="21" count="2" type="cond" truecount="2" falsecount="0"/>
        <line num="22" count="1" type="stmt"/>
        <line num="24" count="2" type="stmt"/>
      </file>
      <file name="Navbar.vue" path="/Users/ahmed/Desktop/vue-todos/src/components/Navbar.vue">
        <metrics statements="1" coveredstatements="1" conditionals="0" coveredconditionals="0" methods="1" coveredmethods="1"/>
        <line num="53" count="5" type="stmt"/>
      </file>
      <file name="Todo.vue" path="/Users/ahmed/Desktop/vue-todos/src/components/Todo.vue">
        <metrics statements="8" coveredstatements="8" conditionals="2" coveredconditionals="2" methods="4" coveredmethods="4"/>
        <line num="45" count="6" type="stmt"/>
        <line num="56" count="2" type="cond" truecount="2" falsecount="0"/>
        <line num="57" count="1" type="stmt"/>
        <line num="59" count="1" type="stmt"/>
        <line num="60" count="1" type="stmt"/>
        <line num="61" count="2" type="stmt"/>
        <line num="65" count="1" type="stmt"/>
        <line num="66" count="1" type="stmt"/>
      </file>
      <file name="TodoList.vue" path="/Users/ahmed/Desktop/vue-todos/src/components/TodoList.vue">
        <metrics statements="21" coveredstatements="21" conditionals="5" coveredconditionals="5" methods="12" coveredmethods="12"/>
        <line num="38" count="4" type="stmt"/>
        <line num="39" count="4" type="stmt"/>
        <line num="50" count="18" type="stmt"/>
        <line num="56" count="18" type="stmt"/>
        <line num="57" count="23" type="cond" truecount="2" falsecount="0"/>
        <line num="60" count="18" type="stmt"/>
        <line num="66" count="29" type="stmt"/>
        <line num="68" count="6" type="stmt"/>
        <line num="70" count="6" type="stmt"/>
        <line num="72" count="21" type="stmt"/>
        <line num="78" count="1" type="stmt"/>
        <line num="82" count="1" type="stmt"/>
        <line num="83" count="1" type="stmt"/>
        <line num="86" count="1" type="stmt"/>
        <line num="87" count="1" type="stmt"/>
        <line num="90" count="2" type="stmt"/>
        <line num="91" count="1" type="stmt"/>
        <line num="94" count="1" type="stmt"/>
        <line num="95" count="1" type="stmt"/>
        <line num="99" count="4" type="stmt"/>
        <line num="100" count="4" type="stmt"/>
      </file>
    </package>
    <package name="views">
      <metrics statements="4" coveredstatements="4" conditionals="0" coveredconditionals="0" methods="4" coveredmethods="4"/>
      <file name="DoneTodos.vue" path="/Users/ahmed/Desktop/vue-todos/src/views/DoneTodos.vue">
        <metrics statements="1" coveredstatements="1" conditionals="0" coveredconditionals="0" methods="1" coveredmethods="1"/>
        <line num="13" count="2" type="stmt"/>
      </file>
      <file name="Layout.vue" path="/Users/ahmed/Desktop/vue-todos/src/views/Layout.vue">
        <metrics statements="1" coveredstatements="1" conditionals="0" coveredconditionals="0" methods="1" coveredmethods="1"/>
        <line num="13" count="2" type="stmt"/>
      </file>
      <file name="Todos.vue" path="/Users/ahmed/Desktop/vue-todos/src/views/Todos.vue">
        <metrics statements="1" coveredstatements="1" conditionals="0" coveredconditionals="0" methods="1" coveredmethods="1"/>
        <line num="13" count="2" type="stmt"/>
      </file>
      <file name="UndoneTodos.vue" path="/Users/ahmed/Desktop/vue-todos/src/views/UndoneTodos.vue">
        <metrics statements="1" coveredstatements="1" conditionals="0" coveredconditionals="0" methods="1" coveredmethods="1"/>
        <line num="13" count="2" type="stmt"/>
      </file>
    </package>
  </project>
</coverage>
