TN:
SF:/Users/ahmed/Desktop/vue-todos/src/components/CreateTodo.vue
FN:14,(anonymous_1)
FN:20,(anonymous_2)
FNF:2
FNH:2
FNDA:2,(anonymous_1)
FNDA:2,(anonymous_2)
DA:15,2
DA:21,2
DA:22,1
DA:24,2
LF:4
LH:4
BRDA:21,0,0,1
BRDA:21,0,1,1
BRF:2
BRH:2
end_of_record
TN:
SF:/Users/ahmed/Desktop/vue-todos/src/components/Todo.vue
FN:37,(anonymous_1)
FN:48,(anonymous_2)
FN:54,(anonymous_3)
FN:57,(anonymous_4)
FNF:4
FNH:4
FNDA:6,(anonymous_1)
FNDA:2,(anonymous_2)
FNDA:1,(anonymous_3)
FNDA:1,(anonymous_4)
DA:38,6
DA:49,2
DA:50,1
DA:52,1
DA:53,1
DA:54,2
DA:58,1
DA:59,1
LF:8
LH:8
BRDA:49,0,0,1
BRDA:49,0,1,1
BRF:2
BRH:2
end_of_record
TN:
SF:/Users/ahmed/Desktop/vue-todos/src/components/TodoList.vue
FN:37,(anonymous_1)
FN:42,(anonymous_2)
FN:48,(anonymous_3)
FN:52,(anonymous_4)
FN:56,(anonymous_5)
FN:57,(anonymous_6)
FN:60,(anonymous_7)
FN:65,(anonymous_8)
FNF:8
FNH:8
FNDA:7,(anonymous_1)
FNDA:7,(anonymous_2)
FNDA:1,(anonymous_3)
FNDA:1,(anonymous_4)
FNDA:1,(anonymous_5)
FNDA:1,(anonymous_6)
FNDA:1,(anonymous_7)
FNDA:4,(anonymous_8)
DA:30,1
DA:31,1
DA:39,7
DA:40,10
DA:43,7
DA:49,1
DA:50,1
DA:53,1
DA:54,1
DA:57,2
DA:58,1
DA:61,1
DA:62,1
DA:66,4
DA:67,4
LF:15
LH:15
BRDA:40,0,0,3
BRDA:40,0,1,4
BRF:2
BRH:2
end_of_record
