TN:
SF:/Users/ahmed/Desktop/vue-todos/src/components/CreateTodo.vue
FN:14,(anonymous_1)
FN:20,(anonymous_2)
FNF:2
FNH:2
FNDA:17,(anonymous_1)
FNDA:2,(anonymous_2)
DA:15,17
DA:21,2
DA:22,1
DA:24,2
LF:4
LH:4
BRDA:21,0,0,1
BRDA:21,0,1,1
BRF:2
BRH:2
end_of_record
TN:
SF:/Users/ahmed/Desktop/vue-todos/src/components/Navbar.vue
FN:52,(anonymous_1)
FNF:1
FNH:1
FNDA:5,(anonymous_1)
DA:53,5
LF:1
LH:1
BRF:0
BRH:0
end_of_record
TN:
SF:/Users/ahmed/Desktop/vue-todos/src/components/Todo.vue
FN:44,(anonymous_1)
FN:55,(anonymous_2)
FN:61,(anonymous_3)
FN:64,(anonymous_4)
FNF:4
FNH:4
FNDA:14,(anonymous_1)
FNDA:2,(anonymous_2)
FNDA:1,(anonymous_3)
FNDA:1,(anonymous_4)
DA:45,14
DA:56,2
DA:57,1
DA:59,1
DA:60,1
DA:61,2
DA:65,1
DA:66,1
LF:8
LH:8
BRDA:56,0,0,1
BRDA:56,0,1,1
BRF:2
BRH:2
end_of_record
TN:
SF:/Users/ahmed/Desktop/vue-todos/src/components/TodoList.vue
FN:45,(anonymous_1)
FN:51,(anonymous_2)
FN:56,(anonymous_3)
FN:62,(anonymous_4)
FN:65,(anonymous_5)
FN:67,(anonymous_6)
FN:74,(anonymous_7)
FN:83,(anonymous_8)
FN:87,(anonymous_9)
FN:88,(anonymous_10)
FN:91,(anonymous_11)
FN:96,(anonymous_12)
FN:102,(anonymous_13)
FN:103,(anonymous_15)
FNF:14
FNH:14
FNDA:18,(anonymous_1)
FNDA:18,(anonymous_2)
FNDA:18,(anonymous_3)
FNDA:29,(anonymous_4)
FNDA:2,(anonymous_5)
FNDA:2,(anonymous_6)
FNDA:1,(anonymous_7)
FNDA:1,(anonymous_8)
FNDA:1,(anonymous_9)
FNDA:1,(anonymous_10)
FNDA:1,(anonymous_11)
FNDA:4,(anonymous_12)
FNDA:2,(anonymous_13)
FNDA:6,(anonymous_15)
DA:47,18
DA:53,18
DA:54,23
DA:57,18
DA:63,29
DA:65,6
DA:67,6
DA:69,21
DA:76,1
DA:80,1
DA:81,1
DA:84,1
DA:85,1
DA:88,2
DA:89,1
DA:92,1
DA:93,1
DA:97,4
DA:98,4
DA:102,2
DA:103,6
LF:21
LH:21
BRDA:54,0,0,5
BRDA:54,0,1,13
BRDA:64,1,0,4
BRDA:64,1,1,4
BRDA:64,1,2,21
BRF:5
BRH:5
end_of_record
TN:
SF:/Users/ahmed/Desktop/vue-todos/src/views/DoneTodos.vue
FN:13,(anonymous_1)
FNF:1
FNH:1
FNDA:2,(anonymous_1)
DA:13,2
LF:1
LH:1
BRF:0
BRH:0
end_of_record
TN:
SF:/Users/ahmed/Desktop/vue-todos/src/views/Error404.vue
FN:13,(anonymous_1)
FNF:1
FNH:1
FNDA:3,(anonymous_1)
DA:14,3
LF:1
LH:1
BRF:0
BRH:0
end_of_record
TN:
SF:/Users/ahmed/Desktop/vue-todos/src/views/Layout.vue
FN:13,(anonymous_1)
FNF:1
FNH:1
FNDA:2,(anonymous_1)
DA:13,2
LF:1
LH:1
BRF:0
BRH:0
end_of_record
TN:
SF:/Users/ahmed/Desktop/vue-todos/src/views/Todos.vue
FN:13,(anonymous_1)
FNF:1
FNH:1
FNDA:2,(anonymous_1)
DA:13,2
LF:1
LH:1
BRF:0
BRH:0
end_of_record
TN:
SF:/Users/ahmed/Desktop/vue-todos/src/views/UndoneTodos.vue
FN:13,(anonymous_1)
FNF:1
FNH:1
FNDA:2,(anonymous_1)
DA:13,2
LF:1
LH:1
BRF:0
BRH:0
end_of_record
